1615779026561	geckodriver	INFO	Listening on 127.0.0.1:60866
1615779027580	mozrunner::runner	INFO	Running command: "/Applications/Firefox.app/Contents/MacOS/firefox-bin" "--marionette" "--headless" "start-maximized" "disable-infobars" "--disable-extensions" "--no-sandbox" "--disable-application-cache" "--disable-gpu" "--disable-dev-shm-usage" "-foreground" "-no-remote" "-profile" "/var/folders/fm/40d889q15pq2b57rcn_cwd100000gn/T/rust_mozprofilexgebUc"
*** You are running in headless mode.
*** You are running in headless mode.
console.warn: SearchSettings: "get: No settings file exists, new profile?" (new Error("", "(unknown module)"))
1615779033463	Marionette	INFO	Listening on port 60877
1615779197726	geckodriver	INFO	Listening on 127.0.0.1:61228
1615779198743	mozrunner::runner	INFO	Running command: "/Applications/Firefox.app/Contents/MacOS/firefox-bin" "--marionette" "--headless" "start-maximized" "disable-infobars" "--disable-extensions" "--disable-application-cache" "--disable-gpu" "--disable-dev-shm-usage" "-foreground" "-no-remote" "-profile" "/var/folders/fm/40d889q15pq2b57rcn_cwd100000gn/T/rust_mozprofilenxWg4r"
*** You are running in headless mode.
console.warn: SearchSettings: "get: No settings file exists, new profile?" (new Error("", "(unknown module)"))
1615779202163	Marionette	INFO	Listening on port 61240
1615779202422	Marionette	WARN	TLS certificate errors will be ignored for this session
_RegisterApplication(), FAILED TO establish the default connection to the WindowServer, _CGSDefaultConnection() is NULL.
Unable to read VR Path Registry from /Users/grahamburleigh/Library/Application Support/OpenVR/.openvr/openvrpaths.vrpath
[GFX1]: [Tiling:Client] Failed to allocate a TextureClient
[GFX1]: [Tiling:Client] Failed to allocate a TextureClient
[GFX1-]: Receive IPC close with reason=AbnormalShutdown
Exiting due to channel error.
[GFX1-]: Receive IPC close with reason=AbnormalShutdown
Exiting due to channel error.
Exiting due to channel error.
